
	            G L O B A L   R E F E R E N C E S

	             Name               Value        Type
	==============================|=======|===============
	FIM_TEXTO                        0040         CONSTANT
	LIMITE                           0023         CONSTANT
	ESPACO                           0020         CONSTANT
	NAVECAR1                         003E         CONSTANT
	NAVECAR2                         0029         CONSTANT
	NAVECAR3                         005C         CONSTANT
	NAVECAR4                         002F         CONSTANT
	BALA                             002D         CONSTANT
	ASTERISCO                        002A         CONSTANT
	BNEGRO                           006F         CONSTANT
	NOMAXTIROS                       0005         CONSTANT
	NOMAXOBST                        0010         CONSTANT
	PERIODAST                        0005         CONSTANT
	PERIODBUR                        0003         CONSTANT
	INT_MASK                         C01F         CONSTANT
	INT_MASK2                        7FFF         CONSTANT
	SP_INICIAL                       F0FF         CONSTANT
	LCD_WRITE                        FFF5         CONSTANT
	TEMP_DURACAO                     FFF6         CONSTANT
	TEMP_CONTROLO                    FFF7         CONSTANT
	LEDS_CONTROLO                    FFF8         CONSTANT
	INT_MASK_ADDR                    FFFA         CONSTANT
	IO_CONTROLO                      FFFC         CONSTANT
	IO_STATUS                        FFFD         CONSTANT
	IO_WRITE                         FFFE         CONSTANT
	IO_READ                          FFFF         CONSTANT
	sup_esquerdo                     0000         CONSTANT
	sup_direito                      004E         CONSTANT
	inf_esquerdo                     1700         CONSTANT
	inf_direito                      174E         CONSTANT
	pos_canhao_i                     0401         CONSTANT
	pos_VarText1                     0B23         CONSTANT
	pos_VarText2                     0D20         CONSTANT
	pos_TextFim                      0B23         CONSTANT
	pos_TextPonts                    0D23         CONSTANT
	IntNav                           8000         VARIABLE
	IntTiro                          8001         VARIABLE
	IntE                             8002         VARIABLE
	IntTemp                          8003         VARIABLE
	Flag_Reset                       8004         VARIABLE
	Canhao_pos                       8005         VARIABLE
	Canhao_int                       8006         VARIABLE
	LedsAcesos                       8007         VARIABLE
	LedsCount                        8008         VARIABLE
	NoTiros                          8009         VARIABLE
	NoObstaculos                     800A         VARIABLE
	RandomNumb                       800B         VARIABLE
	PosUltAst                        800C         VARIABLE
	ContaBuracoN                     800D         VARIABLE
	ContadorTemp                     800E         VARIABLE
	Tiro                             800F            TABLE
	Obstaculo                        8014            TABLE
	CarObstaculo                     8024            TABLE
	VarTexto1                        8034           STRING
	EspacoVar1                       803F           STRING
	VarTexto2                        804A           STRING
	EspacoVar2                       805B           STRING
	VarTextFim                       806C           STRING
	EspacoTxtF                       8078           STRING
	VarTextPonts                     8084           STRING
	EspacoTxtP                       8090           STRING
	StringVazia                      809C           STRING
	INT_0                            FE00         VARIABLE
	INT_1                            FE01         VARIABLE
	INT_2                            FE02         VARIABLE
	INT_3                            FE03         VARIABLE
	INT_4                            FE04         VARIABLE
	INT_5                            FE05         VARIABLE
	INT_6                            FE06         VARIABLE
	INT_7                            FE07         VARIABLE
	INT_8                            FE08         VARIABLE
	INT_9                            FE09         VARIABLE
	INT_A                            FE0A         VARIABLE
	INT_B                            FE0B         VARIABLE
	INT_C                            FE0C         VARIABLE
	INT_D                            FE0D         VARIABLE
	INT_E                            FE0E         VARIABLE
	INT_F                            FE0F         VARIABLE
	Descer                           0002            LABEL
	Subir                            0009            LABEL
	Esquerda                         0011            LABEL
	Direita                          0019            LABEL
	Disparar                         0020            LABEL
	ResetJogo                        0023            LABEL
	Comecar                          0026            LABEL
	Temporizar                       0029            LABEL
	EscCar                           002C            LABEL
	EscString                        0039            LABEL
	CicloEscStr                      0040            LABEL
	FimEscStr                        004B            LABEL
	EscreveNave                      004F            LABEL
	ApagaNave                        006E            LABEL
	AcendeLeds                       008D            LABEL
	ApagahLeds                       009C            LABEL
	ApagaLeds                        00A2            LABEL
	SaiDoApaLeds                     00A6            LABEL
	EscreveMsgIni                    00A8            LABEL
	EscreveMsgFin                    00B5            LABEL
	EsperaInicio                     00C2            LABEL
	ApagaInicio                      00C8            LABEL
	EsperaFim                        00D7            LABEL
	ApagaFim                         00E4            LABEL
	EscreveLimite                    00F9            LABEL
	CicloLim                         00FC            LABEL
	FimEscLim                        0106            LABEL
	LimparMemorias                   0108            LABEL
	LimparEcra                       011B            LABEL
	CicloLimpa                       011D            LABEL
	SaiDoLimpaEcra                   0128            LABEL
	LimpaMemoria                     012A            LABEL
	HaveraMem                        0130            LABEL
	SaiDoLimpaMem                    0136            LABEL
	Nave                             0139            LABEL
	ChocaSuperior                    014E            LABEL
	ChocaInferior                    0151            LABEL
	ChocaEsquerda                    0154            LABEL
	ChocaDireita                     0159            LABEL
	DentroMapa                       015E            LABEL
	FimNave                          0165            LABEL
	Asteroides                       0169            LABEL
	HaveraAsts                       0178            LABEL
	TestaMemAsts                     017A            LABEL
	MoveAsteroide                    017F            LABEL
	SaiDosAsts                       018B            LABEL
	GeraObstaculos                   0191            LABEL
	GeraAstTrue                      01A2            LABEL
	GeraAstFalse                     01A7            LABEL
	ContGeraAst                      01AB            LABEL
	FimGeraAst                       01AD            LABEL
	CriaObstaculo                    01B0            LABEL
	TestaMemCObst                    01C1            LABEL
	GuardaObst                       01C6            LABEL
	SaiDosCObst                      01CF            LABEL
	CriaTiro                         01D4            LABEL
	TestaMemCTiro                    01E1            LABEL
	GuardaTiro                       01E5            LABEL
	SaiDoCTiros                      01EA            LABEL
	Tiros                            01ED            LABEL
	HaveraTiros                      01F7            LABEL
	TestaMemTiro                     01F9            LABEL
	MoveTiro                         01FD            LABEL
	SaiDosTiros                      0209            LABEL
	VeriColisoes                     020E            LABEL
	ColLimEsq                        0220            LABEL
	ColLimDir                        0229            LABEL
	ColTiro                          0236            LABEL
	ColAst                           024D            LABEL
	ColcNave                         0262            LABEL
	EscreveObjecto                   026E            LABEL
	SaiDasColisoes                   0278            LABEL
	ColTiroObs                       027F            LABEL
	ColTirosObsFim                   0298            LABEL
	ApagaTiro                        02A1            LABEL
	ApagaObstaculo                   02B2            LABEL
	HaAlgoLa                         02CB            LABEL
	HaveraAlgo                       02D4            LABEL
	TestaMemAlgo                     02D6            LABEL
	TestaAlgo                        02DA            LABEL
	EncontreiOAlgo                   02E0            LABEL
	SaiDoHaAlgo                      02E2            LABEL
	HaNaveLa                         02E6            LABEL
	SaiDoHaNave                      031E            LABEL
	Chamar_Temp                      0325            LABEL
	Temporizador                     0330            LABEL
	TempAstFalse                     033D            LABEL
	TempAstTrue                      0340            LABEL
	SaiDoTemp                        0344            LABEL
	EscreveLimites                   0345            LABEL
	Inicio                           0352            LABEL
	Jogo                             0370            LABEL
	PseudoRndm                       037D            LABEL
	PseudoElse                       038D            LABEL
	FimPseudo                        0390            LABEL
	Final                            039A            LABEL
	Fim                              03B3            LABEL
